[INFO ] 2020-06-28 11:39:20.065 [main] TestBase - Property file loaded
[INFO ] 2020-06-28 11:39:28.610 [main] TestBase -  chrome browser opened
[INFO ] 2020-06-28 11:39:42.256 [main] TestBase - URL opened
[INFO ] 2020-06-28 11:39:50.269 [main] TestBase - initialization complete
[INFO ] 2020-06-28 11:39:50.290 [main] TestBase - Property file loaded
[INFO ] 2020-06-28 11:39:50.400 [main] TestBase - Login page driver initialized
[INFO ] 2020-06-28 11:39:50.431 [main] TestBase - Title verified
[INFO ] 2020-06-28 11:39:50.447 [main] TestBase - Property file loaded
[INFO ] 2020-06-28 11:39:50.447 [main] TestBase - Login page driver initialized
[INFO ] 2020-06-28 11:39:51.920 [main] TestBase - Property file loaded
[INFO ] 2020-06-28 11:39:51.926 [main] TestBase - username and password entered
[INFO ] 2020-06-28 11:39:51.948 [main] TestBase - Title of homepage verified
[INFO ] 2020-06-28 11:39:51.960 [main] TestBase - Property file loaded
[INFO ] 2020-06-28 11:39:54.435 [main] TestBase - URL opened
[INFO ] 2020-06-28 11:40:02.453 [main] TestBase - initialization complete
[INFO ] 2020-06-28 11:40:02.456 [main] TestBase - Property file loaded
[INFO ] 2020-06-28 11:40:02.456 [main] TestBase - Login page driver initialized
[INFO ] 2020-06-28 11:40:02.534 [main] TestBase - Title verified
[INFO ] 2020-06-28 11:40:02.534 [main] TestBase - Property file loaded
[INFO ] 2020-06-28 11:40:02.534 [main] TestBase - Login page driver initialized
[INFO ] 2020-06-28 11:40:03.992 [main] TestBase - Property file loaded
[INFO ] 2020-06-28 11:40:03.994 [main] TestBase - username and password entered
[INFO ] 2020-06-28 11:40:04.003 [main] TestBase - Property file loaded
[INFO ] 2020-06-28 11:40:04.005 [main] TestBase - Property file loaded
[INFO ] 2020-06-28 11:40:13.330 [main] TestBase - Log out from the application
[INFO ] 2020-06-28 12:10:01.410 [main] TestBase - Property file loaded
[INFO ] 2020-06-28 12:10:01.508 [main] TestBase - Property file loaded
[INFO ] 2020-06-30 11:36:44.920 [main] TestBase - Property file loaded
[INFO ] 2020-06-30 11:36:45.032 [main] TestBase - Property file loaded
[INFO ] 2020-07-19 17:30:14.521 [main] DefaultPageObject - URL opened
[INFO ] 2020-07-19 17:31:05.814 [main] DefaultPageObject - URL opened
[INFO ] 2020-07-19 17:44:14.889 [main] DefaultPageObject - URL opened
[INFO ] 2020-07-19 17:48:56.741 [main] DefaultPageObject - URL opened
[INFO ] 2020-07-19 17:50:59.612 [main] DefaultPageObject - URL opened
[INFO ] 2020-07-19 17:52:51.976 [main] DefaultPageObject - URL opened
[INFO ] 2020-07-19 17:53:32.945 [main] DefaultPageObject - URL opened
[INFO ] 2020-07-19 17:56:01.823 [main] DefaultPageObject - URL opened
[INFO ] 2020-07-19 17:58:44.105 [main] DefaultPageObject - URL opened
[INFO ] 2020-07-19 17:59:50.952 [main] DefaultPageObject - URL opened
[INFO ] 2020-07-19 18:05:29.366 [main] DefaultPageObject - URL opened
[INFO ] 2020-07-19 18:06:23.568 [main] DefaultPageObject - URL opened
[INFO ] 2020-07-19 21:56:01.107 [main] DefaultPageObject - URL opened
[INFO ] 2020-07-19 22:10:59.670 [main] DefaultPageObject - URL opened
[INFO ] 2020-07-19 22:14:05.271 [main] DefaultPageObject - URL opened
[INFO ] 2020-07-26 16:00:56.018 [main] DefaultPageObject - URL opened
[INFO ] 2020-07-26 16:01:10.415 [main] DefaultPageObject - URL opened
[INFO ] 2020-07-26 16:50:28.308 [main] DefaultPageObject - URL opened
[INFO ] 2020-07-26 16:50:39.798 [main] DefaultPageObject - URL opened
[INFO ] 2020-07-26 16:56:42.872 [main] DefaultPageObject - URL opened
[INFO ] 2020-07-26 16:56:53.596 [main] DefaultPageObject - URL opened
[INFO ] 2020-07-26 17:07:44.887 [main] DefaultPageObject - URL opened
[INFO ] 2020-07-26 17:07:56.231 [main] DefaultPageObject - URL opened
[INFO ] 2020-07-26 17:10:32.232 [main] DefaultPageObject - URL opened
[INFO ] 2020-07-26 17:10:37.431 [main] DefaultPageObject - URL opened
[INFO ] 2020-07-26 17:19:44.758 [main] DefaultPageObject - URL opened
[INFO ] 2020-08-02 16:21:23.302 [main] DefaultPageObject - URL opened
[INFO ] 2020-08-02 16:55:02.702 [main] DefaultPageObject - URL opened
[INFO ] 2020-08-02 21:34:20.964 [main] DefaultPageObject - URL opened
[INFO ] 2020-08-02 21:36:44.299 [main] DefaultPageObject - URL opened
[INFO ] 2020-08-02 21:36:57.095 [main] DefaultPageObject - Deals link clicked
[INFO ] 2020-08-02 21:39:50.816 [main] DefaultPageObject - URL opened
[INFO ] 2020-08-02 21:40:15.718 [main] DefaultPageObject - Deals link clicked
[INFO ] 2020-08-02 21:40:21.921 [main] DefaultPageObject - Deals values entered
[INFO ] 2020-08-02 21:44:32.442 [main] DefaultPageObject - URL opened
[INFO ] 2020-08-02 21:49:48.797 [main] DefaultPageObject - URL opened
[INFO ] 2020-08-02 21:50:06.586 [main] DefaultPageObject - Deals link clicked
[INFO ] 2020-08-02 21:50:11.601 [main] DefaultPageObject - Deals values entered
[INFO ] 2020-08-08 17:50:15.594 [main] DefaultPageObject - URL opened
[INFO ] 2020-08-08 17:52:51.495 [main] DefaultPageObject - URL opened
[INFO ] 2020-08-08 17:53:07.544 [main] DefaultPageObject - Deals link clicked
[INFO ] 2020-08-08 17:53:12.259 [main] DefaultPageObject - Deals values entered
[INFO ] 2020-08-08 17:53:28.896 [main] DefaultPageObject - URL opened
[INFO ] 2020-08-08 17:53:40.066 [main] DefaultPageObject - Deals link clicked
[INFO ] 2020-08-08 17:54:14.121 [main] DefaultPageObject - URL opened
[INFO ] 2020-08-08 17:54:25.621 [main] DefaultPageObject - Deals link clicked
[INFO ] 2020-08-08 17:54:58.941 [main] DefaultPageObject - URL opened
[INFO ] 2020-08-08 17:55:10.269 [main] DefaultPageObject - Deals link clicked
[INFO ] 2020-08-08 17:57:04.562 [main] DefaultPageObject - URL opened
[INFO ] 2020-08-08 17:57:18.013 [main] DefaultPageObject - Deals link clicked
[INFO ] 2020-08-08 17:57:23.688 [main] DefaultPageObject - Deals values entered
[INFO ] 2020-08-08 18:34:37.764 [main] DefaultPageObject - URL opened
[INFO ] 2020-08-08 18:34:53.214 [main] DefaultPageObject - Deals link clicked
[INFO ] 2020-08-08 18:35:00.402 [main] DefaultPageObject - Deals values entered
[INFO ] 2020-08-08 18:39:06.665 [main] DefaultPageObject - URL opened
[INFO ] 2020-08-08 18:39:18.730 [main] DefaultPageObject - Deals link clicked
[INFO ] 2020-08-08 18:39:23.221 [main] DefaultPageObject - Deals values entered
[INFO ] 2020-08-08 19:01:33.440 [main] DefaultPageObject - URL opened
[INFO ] 2020-08-08 19:01:48.289 [main] DefaultPageObject - Deals link clicked
[INFO ] 2020-08-08 19:01:53.625 [main] DefaultPageObject - Deals values entered
[INFO ] 2020-08-08 19:13:01.617 [main] DefaultPageObject - URL opened
[INFO ] 2020-08-08 19:13:13.746 [main] DefaultPageObject - Deals link clicked
[INFO ] 2020-08-08 19:13:18.194 [main] DefaultPageObject - Deals values entered
[INFO ] 2020-08-08 19:13:33.362 [main] DefaultPageObject - Deals link clicked
[INFO ] 2020-08-08 20:23:53.618 [main] DefaultPageObject - URL opened
[INFO ] 2020-08-08 20:24:08.253 [main] DefaultPageObject - Deals link clicked
[INFO ] 2020-08-08 20:24:12.896 [main] DefaultPageObject - Deals values entered
[INFO ] 2020-08-08 20:24:28.679 [main] DefaultPageObject - Deals link clicked
[INFO ] 2020-08-08 20:38:02.504 [main] DefaultPageObject - URL opened
[INFO ] 2020-08-08 20:38:13.720 [main] DefaultPageObject - Deals link clicked
[INFO ] 2020-08-08 20:38:17.230 [main] DefaultPageObject - Deals values entered
[INFO ] 2020-08-08 20:38:33.067 [main] DefaultPageObject - Deals link clicked
[INFO ] 2020-08-08 20:40:52.111 [main] DefaultPageObject - URL opened
[INFO ] 2020-08-08 20:41:03.561 [main] DefaultPageObject - Deals link clicked
[INFO ] 2020-08-08 20:41:08.462 [main] DefaultPageObject - Deals values entered
[INFO ] 2020-08-08 20:41:23.256 [main] DefaultPageObject - Deals link clicked
[INFO ] 2020-08-08 22:55:19.338 [main] DefaultPageObject - URL opened
[INFO ] 2020-08-08 22:55:32.722 [main] DefaultPageObject - Deals link clicked
[INFO ] 2020-08-08 22:55:37.964 [main] DefaultPageObject - Deals values entered
[INFO ] 2020-08-08 22:55:52.607 [main] DefaultPageObject - Deals link clicked
[INFO ] 2020-08-08 23:02:09.980 [main] DefaultPageObject - URL opened
[INFO ] 2020-08-08 23:02:27.101 [main] DefaultPageObject - Deals link clicked
[INFO ] 2020-08-08 23:02:31.027 [main] DefaultPageObject - Deals values entered
[INFO ] 2020-08-08 23:02:46.181 [main] DefaultPageObject - Deals link clicked
[INFO ] 2020-08-08 23:11:56.531 [main] DefaultPageObject - URL opened
[INFO ] 2020-08-08 23:12:12.082 [main] DefaultPageObject - Deals link clicked
[INFO ] 2020-08-08 23:12:17.967 [main] DefaultPageObject - Deals values entered
[INFO ] 2020-08-08 23:12:35.991 [main] DefaultPageObject - Deals link clicked
[INFO ] 2020-08-08 23:19:49.781 [main] DefaultPageObject - URL opened
[INFO ] 2020-08-08 23:20:02.871 [main] DefaultPageObject - Deals link clicked
[INFO ] 2020-08-08 23:20:08.108 [main] DefaultPageObject - Deals values entered
[INFO ] 2020-08-08 23:20:24.526 [main] DefaultPageObject - Deals link clicked
[INFO ] 2020-08-08 23:32:57.732 [main] DefaultPageObject - URL opened
[INFO ] 2020-08-08 23:33:10.919 [main] DefaultPageObject - Deals link clicked
[INFO ] 2020-08-08 23:33:15.480 [main] DefaultPageObject - Deals values entered
[INFO ] 2020-08-08 23:33:33.515 [main] DefaultPageObject - Deals link clicked
[INFO ] 2020-08-08 23:36:07.757 [main] DefaultPageObject - URL opened
[INFO ] 2020-08-08 23:36:19.851 [main] DefaultPageObject - Deals link clicked
[INFO ] 2020-08-08 23:36:25.926 [main] DefaultPageObject - Deals values entered
[INFO ] 2020-08-08 23:36:42.098 [main] DefaultPageObject - Deals link clicked
[INFO ] 2020-08-08 23:47:16.053 [main] DefaultPageObject - URL opened
[INFO ] 2020-08-08 23:47:28.354 [main] DefaultPageObject - Deals link clicked
[INFO ] 2020-08-08 23:47:33.570 [main] DefaultPageObject - Deals values entered
[INFO ] 2020-08-08 23:47:47.078 [main] DefaultPageObject - Deals link clicked
[INFO ] 2020-08-08 23:47:50.794 [main] DefaultPageObject - Deals values entered
[INFO ] 2020-08-08 23:59:02.096 [main] DefaultPageObject - URL opened
[INFO ] 2020-08-08 23:59:13.913 [main] DefaultPageObject - Deals link clicked
[INFO ] 2020-08-08 23:59:18.710 [main] DefaultPageObject - Deals values entered
[INFO ] 2020-08-08 23:59:33.960 [main] DefaultPageObject - Deals link clicked
[INFO ] 2020-08-08 23:59:37.789 [main] DefaultPageObject - Deals values entered
[INFO ] 2020-08-09 01:13:34.361 [main] DefaultPageObject - URL opened
[INFO ] 2020-08-09 01:13:51.325 [main] DefaultPageObject - Deals link clicked
[INFO ] 2020-08-09 01:13:56.674 [main] DefaultPageObject - Deals values entered
[INFO ] 2020-08-09 01:14:19.041 [main] DefaultPageObject - Deals link clicked
[INFO ] 2020-08-09 01:14:22.801 [main] DefaultPageObject - Deals values entered
[INFO ] 2020-08-09 13:48:30.290 [main] DefaultPageObject - URL opened
[INFO ] 2020-08-09 13:48:45.344 [main] DefaultPageObject - Deals link clicked
[INFO ] 2020-08-09 13:48:49.864 [main] DefaultPageObject - Deals values entered
[INFO ] 2020-08-09 13:49:06.333 [main] DefaultPageObject - Deals link clicked
[INFO ] 2020-08-09 13:49:09.617 [main] DefaultPageObject - Deals values entered
[INFO ] 2020-08-09 14:49:43.417 [main] DefaultPageObject - Enters the method-open URL
[INFO ] 2020-08-09 14:50:05.537 [main] DefaultPageObject - URL opened
[INFO ] 2020-08-09 14:50:19.797 [main] DefaultPageObject - Deals link clicked
[INFO ] 2020-08-09 14:50:23.309 [main] DefaultPageObject - before new button clicked
[INFO ] 2020-08-09 14:50:24.115 [main] DefaultPageObject -  after new button clicked
[INFO ] 2020-08-09 14:50:28.675 [main] DefaultPageObject - Deals values entered
[INFO ] 2020-08-09 14:50:43.365 [main] DefaultPageObject - Deals link clicked
[INFO ] 2020-08-09 14:50:46.873 [main] DefaultPageObject - before new button clicked
[INFO ] 2020-08-09 14:50:47.541 [main] DefaultPageObject -  after new button clicked
[INFO ] 2020-08-09 14:50:51.241 [main] DefaultPageObject - Deals values entered
[INFO ] 2020-08-09 15:34:20.133 [main] DefaultPageObject - Enters the method-open URL
[INFO ] 2020-08-09 15:34:40.321 [main] DefaultPageObject - URL opened
[INFO ] 2020-08-09 15:34:52.085 [main] DefaultPageObject - Deals link clicked
[INFO ] 2020-08-09 15:34:55.586 [main] DefaultPageObject - before new button clicked
[INFO ] 2020-08-09 15:35:03.422 [main] DefaultPageObject -  after new button clicked
[INFO ] 2020-08-09 15:35:07.138 [main] DefaultPageObject - Deals values entered
[INFO ] 2020-08-09 15:35:22.379 [main] DefaultPageObject - Deals link clicked
[INFO ] 2020-08-09 15:35:25.879 [main] DefaultPageObject - before new button clicked
[INFO ] 2020-08-09 15:35:34.057 [main] DefaultPageObject -  after new button clicked
[INFO ] 2020-08-09 15:35:38.064 [main] DefaultPageObject - Deals values entered
[INFO ] 2020-08-09 15:48:28.419 [main] DefaultPageObject - Enters the method-open URL
[INFO ] 2020-08-09 15:48:45.155 [main] DefaultPageObject - URL opened
[INFO ] 2020-08-09 15:48:55.965 [main] DefaultPageObject - Deals link clicked
[INFO ] 2020-08-09 15:48:59.465 [main] DefaultPageObject - before new button clicked
[INFO ] 2020-08-09 15:49:06.983 [main] DefaultPageObject -  after new button clicked
[INFO ] 2020-08-09 15:49:10.357 [main] DefaultPageObject - Deals values entered
[INFO ] 2020-08-09 15:49:23.573 [main] DefaultPageObject - Deals link clicked
[INFO ] 2020-08-09 15:49:27.074 [main] DefaultPageObject - before new button clicked
[INFO ] 2020-08-09 15:49:34.452 [main] DefaultPageObject -  after new button clicked
[INFO ] 2020-08-09 15:49:37.740 [main] DefaultPageObject - Deals values entered
[INFO ] 2020-08-09 20:50:56.389 [main] DefaultPageObject - Enters the method-open URL
[INFO ] 2020-08-09 20:51:22.613 [main] DefaultPageObject - URL opened
[INFO ] 2020-08-09 21:01:19.737 [main] DefaultPageObject - Enters the method-open URL
[INFO ] 2020-08-09 21:01:45.521 [main] DefaultPageObject - URL opened
[INFO ] 2020-08-09 21:14:24.371 [main] DefaultPageObject - Enters the method-open URL
[INFO ] 2020-08-09 21:14:50.680 [main] DefaultPageObject - URL opened
[INFO ] 2020-08-09 21:18:16.564 [main] DefaultPageObject - Enters the method-open URL
[INFO ] 2020-08-09 21:18:37.513 [main] DefaultPageObject - URL opened
[INFO ] 2020-08-09 21:19:01.331 [main] DefaultPageObject - before new button clicked
[INFO ] 2020-08-09 21:19:08.337 [main] DefaultPageObject -  after new button clicked
[INFO ] 2020-08-09 21:19:11.922 [main] DefaultPageObject - Deals values entered
[INFO ] 2020-08-09 21:20:50.774 [main] DefaultPageObject - Enters the method-open URL
[INFO ] 2020-08-09 21:21:10.746 [main] DefaultPageObject - URL opened
[INFO ] 2020-08-09 21:21:32.758 [main] DefaultPageObject - before new button clicked
[INFO ] 2020-08-09 21:21:39.761 [main] DefaultPageObject -  after new button clicked
[INFO ] 2020-08-09 21:21:43.007 [main] DefaultPageObject - Deals values entered
[INFO ] 2020-08-09 21:37:34.590 [main] DefaultPageObject - Enters the method-open URL
[INFO ] 2020-08-09 21:37:58.980 [main] DefaultPageObject - URL opened
[INFO ] 2020-08-09 21:43:39.517 [main] DefaultPageObject - Enters the method-open URL
[INFO ] 2020-08-09 21:43:57.925 [main] DefaultPageObject - URL opened
[INFO ] 2020-08-09 21:44:26.306 [main] DefaultPageObject - before new button clicked
[INFO ] 2020-08-09 21:44:33.313 [main] DefaultPageObject -  after new button clicked
[INFO ] 2020-08-09 21:44:37.543 [main] DefaultPageObject - Deals values entered
[INFO ] 2020-08-09 21:45:01.302 [main] DefaultPageObject - before new button clicked
[INFO ] 2020-08-09 21:45:08.310 [main] DefaultPageObject -  after new button clicked
[INFO ] 2020-08-09 21:45:12.138 [main] DefaultPageObject - Deals values entered
[INFO ] 2020-08-09 23:11:46.783 [main] DefaultPageObject - Enters the method-open URL
[INFO ] 2020-08-09 23:12:20.838 [main] DefaultPageObject - URL opened
[INFO ] 2020-08-09 23:12:32.589 [main] DefaultPageObject - before deals link click
[INFO ] 2020-08-09 23:12:33.884 [main] DefaultPageObject - after deals link click
[INFO ] 2020-08-09 23:12:46.467 [main] DefaultPageObject - before new button clicked
[INFO ] 2020-08-09 23:19:27.572 [main] DefaultPageObject - Enters the method-open URL
[INFO ] 2020-08-09 23:19:48.168 [main] DefaultPageObject - URL opened
[INFO ] 2020-08-09 23:20:00.835 [main] DefaultPageObject - before deals link click
[INFO ] 2020-08-09 23:20:01.525 [main] DefaultPageObject - after deals link click
[INFO ] 2020-08-09 23:20:14.065 [main] DefaultPageObject - before new button clicked
[INFO ] 2020-08-09 23:25:42.339 [main] DefaultPageObject - Enters the method-open URL
[INFO ] 2020-08-09 23:26:07.022 [main] DefaultPageObject - URL opened
[INFO ] 2020-08-09 23:26:20.314 [main] DefaultPageObject - before deals link click
[INFO ] 2020-08-09 23:26:22.416 [main] DefaultPageObject - after deals link click
[INFO ] 2020-08-09 23:26:34.917 [main] DefaultPageObject - before new button clicked
[INFO ] 2020-08-09 23:26:35.698 [main] DefaultPageObject - after new button clicked
[INFO ] 2020-08-09 23:26:42.700 [main] DefaultPageObject -  after new button clicked
[INFO ] 2020-08-09 23:26:46.673 [main] DefaultPageObject - Deals values entered
[INFO ] 2020-08-09 23:27:03.330 [main] DefaultPageObject - before deals link click
[INFO ] 2020-08-09 23:27:03.697 [main] DefaultPageObject - after deals link click
[INFO ] 2020-08-09 23:27:16.199 [main] DefaultPageObject - before new button clicked
[INFO ] 2020-08-09 23:27:16.824 [main] DefaultPageObject - after new button clicked
[INFO ] 2020-08-09 23:27:23.826 [main] DefaultPageObject -  after new button clicked
[INFO ] 2020-08-09 23:27:27.389 [main] DefaultPageObject - Deals values entered
[INFO ] 2020-08-09 23:39:32.611 [main] DefaultPageObject - Enters the method-open URL
[INFO ] 2020-08-09 23:40:00.508 [main] DefaultPageObject - URL opened
[INFO ] 2020-08-09 23:40:12.949 [main] DefaultPageObject - before deals link click
[INFO ] 2020-08-09 23:40:15.162 [main] DefaultPageObject - after deals link click
[INFO ] 2020-08-09 23:40:27.692 [main] DefaultPageObject - before new button clicked
[INFO ] 2020-08-09 23:40:28.336 [main] DefaultPageObject - after new button clicked
[INFO ] 2020-08-09 23:40:35.338 [main] DefaultPageObject -  after new button clicked
[INFO ] 2020-08-09 23:40:38.684 [main] DefaultPageObject - Deals values entered
[INFO ] 2020-08-09 23:40:54.683 [main] DefaultPageObject - before deals link click
[INFO ] 2020-08-09 23:40:55.170 [main] DefaultPageObject - after deals link click
[INFO ] 2020-08-09 23:41:07.672 [main] DefaultPageObject - before new button clicked
[INFO ] 2020-08-09 23:41:08.288 [main] DefaultPageObject - after new button clicked
[INFO ] 2020-08-09 23:41:15.289 [main] DefaultPageObject -  after new button clicked
[INFO ] 2020-08-09 23:41:18.816 [main] DefaultPageObject - Deals values entered
[INFO ] 2020-08-10 00:04:24.530 [main] DefaultPageObject - Enters the method-open URL
[INFO ] 2020-08-10 00:05:01.287 [main] DefaultPageObject - URL opened
[INFO ] 2020-08-10 00:05:14.970 [main] DefaultPageObject - before deals link click
[INFO ] 2020-08-10 00:05:16.524 [main] DefaultPageObject - after deals link click
[INFO ] 2020-08-10 00:05:29.051 [main] DefaultPageObject - before new button clicked
[INFO ] 2020-08-10 00:05:29.618 [main] DefaultPageObject - after new button clicked
[INFO ] 2020-08-10 00:05:36.622 [main] DefaultPageObject -  after new button clicked
[INFO ] 2020-08-10 00:05:40.908 [main] DefaultPageObject - Deals values entered
[INFO ] 2020-08-10 00:05:58.464 [main] DefaultPageObject - before deals link click
[INFO ] 2020-08-10 00:05:58.804 [main] DefaultPageObject - after deals link click
[INFO ] 2020-08-10 00:06:11.307 [main] DefaultPageObject - before new button clicked
[INFO ] 2020-08-10 00:06:11.894 [main] DefaultPageObject - after new button clicked
[INFO ] 2020-08-10 00:06:18.895 [main] DefaultPageObject -  after new button clicked
[INFO ] 2020-08-10 00:06:22.358 [main] DefaultPageObject - Deals values entered
[INFO ] 2020-08-10 00:22:30.554 [main] DefaultPageObject - Enters the method-open URL
[INFO ] 2020-08-10 00:22:48.682 [main] DefaultPageObject - URL opened
[INFO ] 2020-08-11 21:46:58.893 [main] DefaultPageObject - Enters the method-open URL
[INFO ] 2020-08-11 21:51:13.002 [main] DefaultPageObject - Enters the method-open URL
[INFO ] 2020-08-11 21:52:29.660 [main] DefaultPageObject - URL opened
[INFO ] 2020-08-11 21:54:57.479 [main] DefaultPageObject - Enters the method-open URL
[INFO ] 2020-08-11 21:56:51.228 [main] DefaultPageObject - URL opened
[INFO ] 2020-08-11 21:56:58.754 [main] DefaultPageObject - before deals link click
[INFO ] 2020-08-11 22:04:58.553 [main] DefaultPageObject - Enters the method-open URL
[INFO ] 2020-08-11 22:05:39.000 [main] DefaultPageObject - URL opened
[INFO ] 2020-08-11 22:05:53.693 [main] DefaultPageObject - before deals link click
[INFO ] 2020-08-11 22:05:54.041 [main] DefaultPageObject - after deals link click
[INFO ] 2020-08-11 22:06:06.544 [main] DefaultPageObject - before new button clicked
[INFO ] 2020-08-11 22:06:07.068 [main] DefaultPageObject - after new button clicked
[INFO ] 2020-08-11 22:06:14.070 [main] DefaultPageObject -  after new button clicked
[INFO ] 2020-08-11 22:07:43.348 [main] DefaultPageObject - Enters the method-open URL
[INFO ] 2020-08-11 22:08:26.744 [main] DefaultPageObject - URL opened
[INFO ] 2020-08-11 22:08:40.411 [main] DefaultPageObject - before deals link click
[INFO ] 2020-08-11 22:08:40.773 [main] DefaultPageObject - after deals link click
[INFO ] 2020-08-11 22:08:53.276 [main] DefaultPageObject - before new button clicked
[INFO ] 2020-08-11 22:08:53.752 [main] DefaultPageObject - after new button clicked
[INFO ] 2020-08-11 22:09:00.753 [main] DefaultPageObject -  after new button clicked
[INFO ] 2020-08-11 22:09:03.850 [main] DefaultPageObject - Deals values entered
[INFO ] 2020-08-11 22:14:15.294 [main] DefaultPageObject - Enters the method-open URL
[INFO ] 2020-08-11 22:15:19.066 [main] DefaultPageObject - URL opened
[INFO ] 2020-08-11 22:15:31.759 [main] DefaultPageObject - before deals link click
[INFO ] 2020-08-11 22:15:32.118 [main] DefaultPageObject - after deals link click
[INFO ] 2020-08-11 22:15:44.619 [main] DefaultPageObject - before new button clicked
[INFO ] 2020-08-11 22:15:45.243 [main] DefaultPageObject - after new button clicked
[INFO ] 2020-08-11 22:15:52.244 [main] DefaultPageObject -  after new button clicked
[INFO ] 2020-08-11 22:15:55.254 [main] DefaultPageObject - Deals values entered
[INFO ] 2020-08-11 22:16:18.085 [main] DefaultPageObject - before deals link click
[INFO ] 2020-08-11 22:16:18.424 [main] DefaultPageObject - after deals link click
[INFO ] 2020-08-11 22:16:30.926 [main] DefaultPageObject - before new button clicked
[INFO ] 2020-08-11 22:16:31.314 [main] DefaultPageObject - after new button clicked
[INFO ] 2020-08-11 22:16:38.315 [main] DefaultPageObject -  after new button clicked
[INFO ] 2020-08-11 22:16:41.144 [main] DefaultPageObject - Deals values entered
[INFO ] 2020-08-11 22:50:54.732 [main] DefaultPageObject - Enters the method-open URL
[INFO ] 2020-08-11 22:51:05.720 [main] DefaultPageObject - URL opened
[INFO ] 2020-08-11 22:51:45.976 [main] DefaultPageObject - Enters the method-open URL
[INFO ] 2020-08-11 22:51:58.470 [main] DefaultPageObject - URL opened
[INFO ] 2020-08-11 22:53:50.957 [main] DefaultPageObject - Enters the method-open URL
[INFO ] 2020-08-11 22:54:06.410 [main] DefaultPageObject - URL opened
[INFO ] 2020-08-11 22:58:47.309 [main] DefaultPageObject - Enters the method-open URL
[INFO ] 2020-08-11 22:59:00.028 [main] DefaultPageObject - URL opened
[INFO ] 2020-08-11 22:59:12.529 [main] DefaultPageObject - before deals link click
[INFO ] 2020-08-11 22:59:12.896 [main] DefaultPageObject - after deals link click
[INFO ] 2020-08-11 22:59:25.399 [main] DefaultPageObject - before new button clicked
[INFO ] 2020-08-11 22:59:25.900 [main] DefaultPageObject - after new button clicked
[INFO ] 2020-08-11 22:59:32.901 [main] DefaultPageObject -  after new button clicked
[INFO ] 2020-08-11 22:59:35.976 [main] DefaultPageObject - Deals values entered
[INFO ] 2020-08-11 22:59:58.202 [main] DefaultPageObject - before deals link click
[INFO ] 2020-08-11 22:59:58.535 [main] DefaultPageObject - after deals link click
[INFO ] 2020-08-11 23:00:11.037 [main] DefaultPageObject - before new button clicked
[INFO ] 2020-08-11 23:00:11.444 [main] DefaultPageObject - after new button clicked
[INFO ] 2020-08-11 23:00:18.445 [main] DefaultPageObject -  after new button clicked
[INFO ] 2020-08-11 23:00:21.701 [main] DefaultPageObject - Deals values entered
[INFO ] 2020-08-11 23:03:46.928 [main] DefaultPageObject - Enters the method-open URL
[INFO ] 2020-08-11 23:04:02.044 [main] DefaultPageObject - URL opened
[INFO ] 2020-08-11 23:04:14.989 [main] DefaultPageObject - before deals link click
[INFO ] 2020-08-11 23:04:15.363 [main] DefaultPageObject - after deals link click
[INFO ] 2020-08-11 23:04:27.865 [main] DefaultPageObject - before new button clicked
[INFO ] 2020-08-11 23:04:28.250 [main] DefaultPageObject - after new button clicked
[INFO ] 2020-08-11 23:04:35.254 [main] DefaultPageObject -  after new button clicked
[INFO ] 2020-08-11 23:04:38.301 [main] DefaultPageObject - Deals values entered
[INFO ] 2020-08-11 23:05:00.526 [main] DefaultPageObject - before deals link click
[INFO ] 2020-08-11 23:05:00.853 [main] DefaultPageObject - after deals link click
[INFO ] 2020-08-11 23:05:13.356 [main] DefaultPageObject - before new button clicked
[INFO ] 2020-08-11 23:05:13.825 [main] DefaultPageObject - after new button clicked
[INFO ] 2020-08-11 23:05:20.826 [main] DefaultPageObject -  after new button clicked
[INFO ] 2020-08-11 23:05:23.663 [main] DefaultPageObject - Deals values entered
[INFO ] 2020-08-11 23:51:10.158 [main] DefaultPageObject - Enters the method-open URL
[INFO ] 2020-08-11 23:51:23.596 [main] DefaultPageObject - URL opened
[INFO ] 2020-08-11 23:51:41.463 [main] DefaultPageObject - Enters the method-open URL
[INFO ] 2020-08-11 23:51:46.677 [main] DefaultPageObject - URL opened
[INFO ] 2020-08-11 23:54:35.328 [main] DefaultPageObject - Enters the method-open URL
[INFO ] 2020-08-11 23:54:49.431 [main] DefaultPageObject - URL opened
[INFO ] 2020-08-11 23:55:05.579 [main] DefaultPageObject - Enters the method-open URL
[INFO ] 2020-08-11 23:55:10.599 [main] DefaultPageObject - URL opened
[INFO ] 2020-08-11 23:56:26.771 [main] DefaultPageObject - Enters the method-open URL
[INFO ] 2020-08-11 23:56:39.396 [main] DefaultPageObject - URL opened
[INFO ] 2020-08-11 23:56:56.614 [main] DefaultPageObject - Enters the method-open URL
[INFO ] 2020-08-11 23:57:01.651 [main] DefaultPageObject - URL opened
[INFO ] 2020-08-11 23:57:15.850 [main] DefaultPageObject - Enters the method-open URL
[INFO ] 2020-08-11 23:57:20.689 [main] DefaultPageObject - URL opened
[INFO ] 2020-08-13 18:25:09.404 [main] DefaultPageObject - Enters the method-open URL
[INFO ] 2020-08-13 18:25:31.348 [main] DefaultPageObject - URL opened
[INFO ] 2020-08-13 18:25:47.116 [main] DefaultPageObject - before deals link click
[INFO ] 2020-08-13 18:25:47.545 [main] DefaultPageObject - after deals link click
[INFO ] 2020-08-13 18:26:00.047 [main] DefaultPageObject - before new button clicked
[INFO ] 2020-08-13 18:26:00.642 [main] DefaultPageObject - after new button clicked
[INFO ] 2020-08-13 18:26:07.644 [main] DefaultPageObject -  after new button clicked
[INFO ] 2020-08-13 18:26:11.034 [main] DefaultPageObject - Deals values entered
[INFO ] 2020-08-13 18:34:56.793 [main] DefaultPageObject - Enters the method-open URL
[INFO ] 2020-08-13 18:35:13.423 [main] DefaultPageObject - URL opened
[INFO ] 2020-08-13 18:35:26.956 [main] DefaultPageObject - before deals link click
[INFO ] 2020-08-13 18:35:27.609 [main] DefaultPageObject - after deals link click
[INFO ] 2020-08-13 18:35:40.112 [main] DefaultPageObject - before new button clicked
[INFO ] 2020-08-13 18:35:40.660 [main] DefaultPageObject - after new button clicked
[INFO ] 2020-08-13 18:35:47.660 [main] DefaultPageObject -  after new button clicked
[INFO ] 2020-08-13 18:35:51.119 [main] DefaultPageObject - Deals values entered
[INFO ] 2020-08-13 18:40:04.660 [main] DefaultPageObject - Enters the method-open URL
[INFO ] 2020-08-13 18:40:21.687 [main] DefaultPageObject - URL opened
[INFO ] 2020-08-13 18:40:34.551 [main] DefaultPageObject - before deals link click
[INFO ] 2020-08-13 18:40:34.927 [main] DefaultPageObject - after deals link click
[INFO ] 2020-08-13 18:40:47.428 [main] DefaultPageObject - before new button clicked
[INFO ] 2020-08-13 18:40:47.932 [main] DefaultPageObject - after new button clicked
[INFO ] 2020-08-13 18:40:54.934 [main] DefaultPageObject -  after new button clicked
[INFO ] 2020-08-13 18:40:58.107 [main] DefaultPageObject - Deals values entered
[INFO ] 2020-08-13 18:41:10.713 [main] DefaultPageObject - Enters the method-open URL
[INFO ] 2020-08-13 18:41:15.645 [main] DefaultPageObject - URL opened
[INFO ] 2020-08-13 18:41:27.190 [main] DefaultPageObject - before deals link click
[INFO ] 2020-08-13 18:41:27.513 [main] DefaultPageObject - after deals link click
[INFO ] 2020-08-13 18:41:40.016 [main] DefaultPageObject - before new button clicked
[INFO ] 2020-08-13 18:41:40.523 [main] DefaultPageObject - after new button clicked
[INFO ] 2020-08-13 18:41:47.524 [main] DefaultPageObject -  after new button clicked
[INFO ] 2020-08-13 18:41:50.887 [main] DefaultPageObject - Deals values entered
[INFO ] 2020-08-13 18:43:53.672 [main] DefaultPageObject - Enters the method-open URL
[INFO ] 2020-08-13 18:44:10.120 [main] DefaultPageObject - URL opened
[INFO ] 2020-08-13 18:44:24.404 [main] DefaultPageObject - before deals link click
[INFO ] 2020-08-13 18:44:24.926 [main] DefaultPageObject - after deals link click
[INFO ] 2020-08-13 18:44:37.428 [main] DefaultPageObject - before new button clicked
[INFO ] 2020-08-13 18:44:37.960 [main] DefaultPageObject - after new button clicked
[INFO ] 2020-08-13 18:44:44.961 [main] DefaultPageObject -  after new button clicked
[INFO ] 2020-08-13 18:44:48.173 [main] DefaultPageObject - Deals values entered
[INFO ] 2020-08-13 20:19:21.129 [main] DefaultPageObject - Enters the method-open URL
[INFO ] 2020-08-13 20:19:39.138 [main] DefaultPageObject - Enters the method-open URL
[INFO ] 2020-08-13 22:33:51.908 [main] DefaultPageObject - before deals link click
[INFO ] 2020-08-13 22:33:53.748 [main] DefaultPageObject - after deals link click
[INFO ] 2020-08-13 22:34:06.252 [main] DefaultPageObject - before new button clicked
[INFO ] 2020-08-13 22:34:06.863 [main] DefaultPageObject - after new button clicked
[INFO ] 2020-08-13 22:34:13.864 [main] DefaultPageObject -  after new button clicked
[INFO ] 2020-08-13 22:43:24.963 [main] DefaultPageObject - before deals link click
[INFO ] 2020-08-13 22:43:25.688 [main] DefaultPageObject - after deals link click
[INFO ] 2020-08-13 22:43:38.194 [main] DefaultPageObject - before new button clicked
[INFO ] 2020-08-13 22:43:38.681 [main] DefaultPageObject - after new button clicked
[INFO ] 2020-08-13 22:43:45.682 [main] DefaultPageObject -  after new button clicked
[INFO ] 2020-08-13 22:43:48.613 [main] DefaultPageObject - Deals values entered
[INFO ] 2020-08-13 22:46:05.148 [main] DefaultPageObject - before deals link click
[INFO ] 2020-08-13 22:46:05.546 [main] DefaultPageObject - after deals link click
[INFO ] 2020-08-13 22:46:18.048 [main] DefaultPageObject - before new button clicked
[INFO ] 2020-08-13 22:46:18.604 [main] DefaultPageObject - after new button clicked
[INFO ] 2020-08-13 22:46:25.606 [main] DefaultPageObject -  after new button clicked
[INFO ] 2020-08-13 22:50:45.629 [main] DefaultPageObject - before deals link click
[INFO ] 2020-08-13 22:50:46.096 [main] DefaultPageObject - after deals link click
[INFO ] 2020-08-13 22:50:58.599 [main] DefaultPageObject - before new button clicked
[INFO ] 2020-08-13 22:50:59.128 [main] DefaultPageObject - after new button clicked
[INFO ] 2020-08-13 22:51:06.129 [main] DefaultPageObject -  after new button clicked
[INFO ] 2020-08-13 22:56:09.179 [main] DefaultPageObject - before deals link click
[INFO ] 2020-08-13 22:56:09.712 [main] DefaultPageObject - after deals link click
[INFO ] 2020-08-13 22:56:22.216 [main] DefaultPageObject - before new button clicked
[INFO ] 2020-08-13 22:56:22.663 [main] DefaultPageObject - after new button clicked
[INFO ] 2020-08-13 22:56:29.665 [main] DefaultPageObject -  after new button clicked
[INFO ] 2020-08-13 22:59:31.707 [main] DefaultPageObject - before deals link click
[INFO ] 2020-08-13 22:59:32.119 [main] DefaultPageObject - after deals link click
[INFO ] 2020-08-13 22:59:44.622 [main] DefaultPageObject - before new button clicked
[INFO ] 2020-08-13 22:59:45.052 [main] DefaultPageObject - after new button clicked
[INFO ] 2020-08-13 22:59:52.053 [main] DefaultPageObject -  after new button clicked
[INFO ] 2020-08-13 22:59:54.992 [main] DefaultPageObject - Deals values entered
[INFO ] 2020-08-13 23:00:22.867 [main] DefaultPageObject - before deals link click
[INFO ] 2020-08-13 23:00:23.252 [main] DefaultPageObject - after deals link click
[INFO ] 2020-08-13 23:00:35.754 [main] DefaultPageObject - before new button clicked
[INFO ] 2020-08-13 23:00:36.157 [main] DefaultPageObject - after new button clicked
[INFO ] 2020-08-13 23:00:43.158 [main] DefaultPageObject -  after new button clicked
[INFO ] 2020-08-13 23:00:46.519 [main] DefaultPageObject - Deals values entered
[INFO ] 2020-08-13 23:10:08.502 [main] DefaultPageObject - before deals link click
[INFO ] 2020-08-13 23:10:08.962 [main] DefaultPageObject - after deals link click
[INFO ] 2020-08-13 23:10:21.464 [main] DefaultPageObject - before new button clicked
[INFO ] 2020-08-13 23:10:21.950 [main] DefaultPageObject - after new button clicked
[INFO ] 2020-08-13 23:10:28.951 [main] DefaultPageObject -  after new button clicked
[INFO ] 2020-08-13 23:10:31.953 [main] DefaultPageObject - Deals values entered
[INFO ] 2020-08-13 23:11:02.811 [main] DefaultPageObject - before deals link click
[INFO ] 2020-08-13 23:11:03.150 [main] DefaultPageObject - after deals link click
[INFO ] 2020-08-13 23:11:15.651 [main] DefaultPageObject - before new button clicked
[INFO ] 2020-08-13 23:11:16.071 [main] DefaultPageObject - after new button clicked
[INFO ] 2020-08-13 23:11:23.072 [main] DefaultPageObject -  after new button clicked
[INFO ] 2020-08-13 23:11:25.990 [main] DefaultPageObject - Deals values entered
[INFO ] 2020-08-13 23:22:10.591 [main] DefaultPageObject - before deals link click
[INFO ] 2020-08-13 23:22:11.061 [main] DefaultPageObject - after deals link click
[INFO ] 2020-08-13 23:22:23.564 [main] DefaultPageObject - before new button clicked
[INFO ] 2020-08-13 23:22:23.984 [main] DefaultPageObject - after new button clicked
[INFO ] 2020-08-13 23:22:30.985 [main] DefaultPageObject -  after new button clicked
[INFO ] 2020-08-13 23:22:33.993 [main] DefaultPageObject - Deals values entered
[INFO ] 2020-08-13 23:23:04.615 [main] DefaultPageObject - before deals link click
[INFO ] 2020-08-13 23:23:04.962 [main] DefaultPageObject - after deals link click
[INFO ] 2020-08-13 23:23:17.464 [main] DefaultPageObject - before new button clicked
[INFO ] 2020-08-13 23:23:17.887 [main] DefaultPageObject - after new button clicked
[INFO ] 2020-08-13 23:23:24.888 [main] DefaultPageObject -  after new button clicked
[INFO ] 2020-08-13 23:23:28.264 [main] DefaultPageObject - Deals values entered
